<?xml version="1.0" encoding="UTF-8"?>
<coverage generated="1682582007543" clover="3.2.0">
  <project timestamp="1682582007543" name="All files">
    <metrics statements="72" coveredstatements="34" conditionals="66" coveredconditionals="7" methods="18" coveredmethods="7" elements="156" coveredelements="48" complexity="0" loc="72" ncloc="72" packages="4" files="7" classes="7"/>
    <package name="controllers">
      <metrics statements="15" coveredstatements="10" conditionals="0" coveredconditionals="0" methods="7" coveredmethods="4"/>
      <file name="file.controller.ts" path="C:\Users\DELL\Desktop\All\colud_file_uploader\src\controllers\file.controller.ts">
        <metrics statements="15" coveredstatements="10" conditionals="0" coveredconditionals="0" methods="7" coveredmethods="4"/>
        <line num="2" count="1" type="stmt"/>
        <line num="8" count="1" type="stmt"/>
        <line num="11" count="1" type="stmt"/>
        <line num="14" count="1" type="stmt"/>
        <line num="18" count="1" type="stmt"/>
        <line num="20" count="1" type="stmt"/>
        <line num="22" count="1" type="stmt"/>
        <line num="25" count="1" type="stmt"/>
        <line num="26" count="0" type="stmt"/>
        <line num="30" count="1" type="stmt"/>
        <line num="32" count="0" type="stmt"/>
        <line num="34" count="0" type="stmt"/>
        <line num="37" count="0" type="stmt"/>
        <line num="38" count="0" type="stmt"/>
        <line num="42" count="1" type="stmt"/>
      </file>
    </package>
    <package name="helper">
      <metrics statements="15" coveredstatements="5" conditionals="32" coveredconditionals="0" methods="3" coveredmethods="0"/>
      <file name="helper.ts" path="C:\Users\DELL\Desktop\All\colud_file_uploader\src\helper\helper.ts">
        <metrics statements="15" coveredstatements="5" conditionals="32" coveredconditionals="0" methods="3" coveredmethods="0"/>
        <line num="1" count="1" type="stmt"/>
        <line num="3" count="1" type="stmt"/>
        <line num="4" count="1" type="stmt"/>
        <line num="6" count="1" type="stmt"/>
        <line num="14" count="0" type="stmt"/>
        <line num="17" count="0" type="cond" truecount="0" falsecount="2"/>
        <line num="26" count="0" type="stmt"/>
        <line num="31" count="1" type="stmt"/>
        <line num="38" count="0" type="cond" truecount="0" falsecount="10"/>
        <line num="39" count="0" type="stmt"/>
        <line num="41" count="0" type="stmt"/>
        <line num="42" count="0" type="cond" truecount="0" falsecount="2"/>
        <line num="45" count="0" type="cond" truecount="0" falsecount="2"/>
        <line num="54" count="0" type="stmt"/>
        <line num="57" count="0" type="stmt"/>
      </file>
    </package>
    <package name="services">
      <metrics statements="22" coveredstatements="11" conditionals="32" coveredconditionals="7" methods="4" coveredmethods="2"/>
      <file name="awsFile.service.ts" path="C:\Users\DELL\Desktop\All\colud_file_uploader\src\services\awsFile.service.ts">
        <metrics statements="10" coveredstatements="6" conditionals="16" coveredconditionals="7" methods="1" coveredmethods="1"/>
        <line num="1" count="1" type="stmt"/>
        <line num="3" count="1" type="stmt"/>
        <line num="6" count="1" type="stmt"/>
        <line num="9" count="1" type="stmt"/>
        <line num="10" count="1" type="stmt"/>
        <line num="11" count="1" type="cond" truecount="7" falsecount="3"/>
        <line num="21" count="0" type="cond" truecount="0" falsecount="6"/>
        <line num="27" count="0" type="stmt"/>
        <line num="28" count="0" type="stmt"/>
        <line num="29" count="0" type="stmt"/>
      </file>
      <file name="azureFile.service.ts" path="C:\Users\DELL\Desktop\All\colud_file_uploader\src\services\azureFile.service.ts">
        <metrics statements="10" coveredstatements="3" conditionals="16" coveredconditionals="0" methods="1" coveredmethods="0"/>
        <line num="3" count="1" type="stmt"/>
        <line num="4" count="1" type="stmt"/>
        <line num="6" count="1" type="stmt"/>
        <line num="9" count="0" type="stmt"/>
        <line num="10" count="0" type="stmt"/>
        <line num="11" count="0" type="cond" truecount="0" falsecount="10"/>
        <line num="21" count="0" type="cond" truecount="0" falsecount="6"/>
        <line num="26" count="0" type="stmt"/>
        <line num="27" count="0" type="stmt"/>
        <line num="28" count="0" type="stmt"/>
      </file>
      <file name="index.ts" path="C:\Users\DELL\Desktop\All\colud_file_uploader\src\services\index.ts">
        <metrics statements="2" coveredstatements="2" conditionals="0" coveredconditionals="0" methods="2" coveredmethods="1"/>
        <line num="1" count="2" type="stmt"/>
        <line num="2" count="1" type="stmt"/>
      </file>
    </package>
    <package name="utils">
      <metrics statements="20" coveredstatements="8" conditionals="2" coveredconditionals="0" methods="4" coveredmethods="1"/>
      <file name="aws.utils.ts" path="C:\Users\DELL\Desktop\All\colud_file_uploader\src\utils\aws.utils.ts">
        <metrics statements="7" coveredstatements="5" conditionals="0" coveredconditionals="0" methods="1" coveredmethods="1"/>
        <line num="1" count="1" type="stmt"/>
        <line num="3" count="1" type="stmt"/>
        <line num="9" count="1" type="stmt"/>
        <line num="11" count="1" type="stmt"/>
        <line num="16" count="1" type="stmt"/>
        <line num="25" count="0" type="stmt"/>
        <line num="28" count="0" type="stmt"/>
      </file>
      <file name="azure.utils.ts" path="C:\Users\DELL\Desktop\All\colud_file_uploader\src\utils\azure.utils.ts">
        <metrics statements="13" coveredstatements="3" conditionals="2" coveredconditionals="0" methods="3" coveredmethods="0"/>
        <line num="1" count="1" type="stmt"/>
        <line num="2" count="1" type="stmt"/>
        <line num="5" count="1" type="stmt"/>
        <line num="11" count="0" type="stmt"/>
        <line num="13" count="0" type="stmt"/>
        <line num="18" count="0" type="stmt"/>
        <line num="19" count="0" type="stmt"/>
        <line num="26" count="0" type="cond" truecount="0" falsecount="2"/>
        <line num="27" count="0" type="stmt"/>
        <line num="29" count="0" type="stmt"/>
        <line num="34" count="0" type="stmt"/>
        <line num="35" count="0" type="stmt"/>
        <line num="38" count="0" type="stmt"/>
      </file>
    </package>
  </project>
</coverage>
