{"C:\\Users\\DELL\\Desktop\\All\\colud_file_uploader\\src\\controllers\\file.controller.ts": {"path":"C:\\Users\\DELL\\Desktop\\All\\colud_file_uploader\\src\\controllers\\file.controller.ts","statementMap":{"0":{"start":{"line":2,"column":0},"end":{"line":2,"column":23}},"1":{"start":{"line":42,"column":9},"end":{"line":2,"column":54}},"2":{"start":{"line":11,"column":4},"end":{"line":11,"column":null}},"3":{"start":{"line":14,"column":4},"end":{"line":14,"column":null}},"4":{"start":{"line":8,"column":0},"end":{"line":8,"column":13}},"5":{"start":{"line":20,"column":2},"end":{"line":20,"column":null}},"6":{"start":{"line":22,"column":4},"end":{"line":22,"column":null}},"7":{"start":{"line":25,"column":19},"end":{"line":25,"column":75}},"8":{"start":{"line":26,"column":4},"end":{"line":26,"column":null}},"9":{"start":{"line":18,"column":0},"end":{"line":18,"column":13}},"10":{"start":{"line":32,"column":2},"end":{"line":32,"column":null}},"11":{"start":{"line":34,"column":4},"end":{"line":34,"column":null}},"12":{"start":{"line":37,"column":19},"end":{"line":37,"column":80}},"13":{"start":{"line":38,"column":4},"end":{"line":38,"column":null}},"14":{"start":{"line":30,"column":0},"end":{"line":30,"column":13}}},"fnMap":{"0":{"name":"(anonymous_0)","decl":{"start":{"line":42,"column":9},"end":{"line":42,"column":19}},"loc":{"start":{"line":42,"column":9},"end":{"line":2,"column":54}}},"1":{"name":"(anonymous_1)","decl":{"start":{"line":10,"column":2},"end":{"line":10,"column":14}},"loc":{"start":{"line":10,"column":40},"end":{"line":12,"column":3}}},"2":{"name":"(anonymous_2)","decl":{"start":{"line":13,"column":2},"end":{"line":13,"column":7}},"loc":{"start":{"line":13,"column":21},"end":{"line":15,"column":3}}},"3":{"name":"(anonymous_3)","decl":{"start":{"line":21,"column":2},"end":{"line":21,"column":14}},"loc":{"start":{"line":21,"column":43},"end":{"line":23,"column":3}}},"4":{"name":"(anonymous_4)","decl":{"start":{"line":24,"column":2},"end":{"line":24,"column":7}},"loc":{"start":{"line":24,"column":21},"end":{"line":27,"column":3}}},"5":{"name":"(anonymous_5)","decl":{"start":{"line":33,"column":2},"end":{"line":33,"column":14}},"loc":{"start":{"line":33,"column":43},"end":{"line":35,"column":3}}},"6":{"name":"(anonymous_6)","decl":{"start":{"line":36,"column":2},"end":{"line":36,"column":7}},"loc":{"start":{"line":36,"column":21},"end":{"line":39,"column":3}}}},"branchMap":{},"s":{"0":1,"1":1,"2":1,"3":1,"4":1,"5":1,"6":1,"7":1,"8":0,"9":1,"10":0,"11":0,"12":0,"13":0,"14":1},"f":{"0":0,"1":1,"2":1,"3":1,"4":1,"5":0,"6":0},"b":{}}
,"C:\\Users\\DELL\\Desktop\\All\\colud_file_uploader\\src\\helper\\helper.ts": {"path":"C:\\Users\\DELL\\Desktop\\All\\colud_file_uploader\\src\\helper\\helper.ts","statementMap":{"0":{"start":{"line":1,"column":0},"end":{"line":1,"column":31}},"1":{"start":{"line":3,"column":0},"end":{"line":3,"column":48}},"2":{"start":{"line":4,"column":0},"end":{"line":4,"column":52}},"3":{"start":{"line":6,"column":26},"end":{"line":28,"column":1}},"4":{"start":{"line":14,"column":24},"end":{"line":16,"column":19}},"5":{"start":{"line":17,"column":23},"end":{"line":25,"column":20}},"6":{"start":{"line":26,"column":4},"end":{"line":26,"column":null}},"7":{"start":{"line":6,"column":13},"end":{"line":6,"column":26}},"8":{"start":{"line":31,"column":31},"end":{"line":58,"column":1}},"9":{"start":{"line":38,"column":24},"end":{"line":38,"column":76}},"10":{"start":{"line":39,"column":28},"end":{"line":55,"column":null}},"11":{"start":{"line":41,"column":30},"end":{"line":41,"column":78}},"12":{"start":{"line":42,"column":33},"end":{"line":44,"column":47}},"13":{"start":{"line":45,"column":31},"end":{"line":53,"column":28}},"14":{"start":{"line":54,"column":12},"end":{"line":54,"column":null}},"15":{"start":{"line":57,"column":4},"end":{"line":57,"column":null}},"16":{"start":{"line":31,"column":13},"end":{"line":31,"column":31}}},"fnMap":{"0":{"name":"(anonymous_0)","decl":{"start":{"line":6,"column":26},"end":{"line":6,"column":31}},"loc":{"start":{"line":12,"column":21},"end":{"line":28,"column":1}}},"1":{"name":"(anonymous_1)","decl":{"start":{"line":31,"column":31},"end":{"line":31,"column":36}},"loc":{"start":{"line":37,"column":21},"end":{"line":58,"column":1}}},"2":{"name":"(anonymous_2)","decl":{"start":{"line":40,"column":26},"end":{"line":40,"column":31}},"loc":{"start":{"line":40,"column":41},"end":{"line":55,"column":9}}}},"branchMap":{"0":{"loc":{"start":{"line":15,"column":16},"end":{"line":15,"column":38}},"type":"cond-expr","locations":[{"start":{"line":15,"column":31},"end":{"line":15,"column":33}},{"start":{"line":15,"column":31},"end":{"line":15,"column":38}}]},"1":{"loc":{"start":{"line":15,"column":16},"end":{"line":15,"column":33}},"type":"binary-expr","locations":[{"start":{"line":15,"column":16},"end":{"line":15,"column":33}},{"start":{"line":15,"column":31},"end":{"line":15,"column":33}}]},"2":{"loc":{"start":{"line":15,"column":16},"end":{"line":15,"column":31}},"type":"cond-expr","locations":[{"start":{"line":15,"column":23},"end":{"line":15,"column":25}},{"start":{"line":15,"column":16},"end":{"line":15,"column":31}}]},"3":{"loc":{"start":{"line":15,"column":16},"end":{"line":15,"column":25}},"type":"binary-expr","locations":[{"start":{"line":15,"column":16},"end":{"line":15,"column":25}},{"start":{"line":15,"column":16},"end":{"line":15,"column":25}}]},"4":{"loc":{"start":{"line":15,"column":40},"end":{"line":15,"column":63}},"type":"cond-expr","locations":[{"start":{"line":15,"column":55},"end":{"line":15,"column":57}},{"start":{"line":15,"column":55},"end":{"line":15,"column":63}}]},"5":{"loc":{"start":{"line":15,"column":40},"end":{"line":15,"column":57}},"type":"binary-expr","locations":[{"start":{"line":15,"column":40},"end":{"line":15,"column":57}},{"start":{"line":15,"column":55},"end":{"line":15,"column":57}}]},"6":{"loc":{"start":{"line":15,"column":40},"end":{"line":15,"column":55}},"type":"cond-expr","locations":[{"start":{"line":15,"column":47},"end":{"line":15,"column":49}},{"start":{"line":15,"column":40},"end":{"line":15,"column":55}}]},"7":{"loc":{"start":{"line":15,"column":40},"end":{"line":15,"column":49}},"type":"binary-expr","locations":[{"start":{"line":15,"column":40},"end":{"line":15,"column":49}},{"start":{"line":15,"column":40},"end":{"line":15,"column":49}}]},"8":{"loc":{"start":{"line":17,"column":23},"end":{"line":25,"column":20}},"type":"cond-expr","locations":[{"start":{"line":18,"column":8},"end":{"line":21,"column":19}},{"start":{"line":22,"column":8},"end":{"line":25,"column":20}}]},"9":{"loc":{"start":{"line":38,"column":24},"end":{"line":38,"column":76}},"type":"cond-expr","locations":[{"start":{"line":38,"column":49},"end":{"line":38,"column":71}},{"start":{"line":38,"column":74},"end":{"line":38,"column":76}}]},"10":{"loc":{"start":{"line":38,"column":24},"end":{"line":38,"column":46}},"type":"cond-expr","locations":[{"start":{"line":38,"column":31},"end":{"line":38,"column":33}},{"start":{"line":38,"column":24},"end":{"line":38,"column":46}}]},"11":{"loc":{"start":{"line":38,"column":24},"end":{"line":38,"column":33}},"type":"binary-expr","locations":[{"start":{"line":38,"column":24},"end":{"line":38,"column":33}},{"start":{"line":38,"column":24},"end":{"line":38,"column":33}}]},"12":{"loc":{"start":{"line":38,"column":49},"end":{"line":38,"column":71}},"type":"cond-expr","locations":[{"start":{"line":38,"column":56},"end":{"line":38,"column":58}},{"start":{"line":38,"column":49},"end":{"line":38,"column":71}}]},"13":{"loc":{"start":{"line":38,"column":49},"end":{"line":38,"column":58}},"type":"binary-expr","locations":[{"start":{"line":38,"column":49},"end":{"line":38,"column":58}},{"start":{"line":38,"column":49},"end":{"line":38,"column":58}}]},"14":{"loc":{"start":{"line":42,"column":33},"end":{"line":44,"column":47}},"type":"cond-expr","locations":[{"start":{"line":43,"column":18},"end":{"line":43,"column":66}},{"start":{"line":44,"column":18},"end":{"line":44,"column":47}}]},"15":{"loc":{"start":{"line":45,"column":31},"end":{"line":53,"column":28}},"type":"cond-expr","locations":[{"start":{"line":46,"column":16},"end":{"line":49,"column":27}},{"start":{"line":50,"column":16},"end":{"line":53,"column":28}}]}},"s":{"0":1,"1":1,"2":1,"3":1,"4":0,"5":0,"6":0,"7":1,"8":1,"9":0,"10":0,"11":0,"12":0,"13":0,"14":0,"15":0,"16":1},"f":{"0":0,"1":0,"2":0},"b":{"0":[0,0],"1":[0,0],"2":[0,0],"3":[0,0],"4":[0,0],"5":[0,0],"6":[0,0],"7":[0,0],"8":[0,0],"9":[0,0],"10":[0,0],"11":[0,0],"12":[0,0],"13":[0,0],"14":[0,0],"15":[0,0]}}
,"C:\\Users\\DELL\\Desktop\\All\\colud_file_uploader\\src\\services\\awsFile.service.ts": {"path":"C:\\Users\\DELL\\Desktop\\All\\colud_file_uploader\\src\\services\\awsFile.service.ts","statementMap":{"0":{"start":{"line":1,"column":0},"end":{"line":1,"column":48}},"1":{"start":{"line":3,"column":0},"end":{"line":3,"column":62}},"2":{"start":{"line":9,"column":21},"end":{"line":9,"column":73}},"3":{"start":{"line":10,"column":38},"end":{"line":10,"column":40}},"4":{"start":{"line":11,"column":27},"end":{"line":20,"column":31}},"5":{"start":{"line":21,"column":26},"end":{"line":26,"column":19}},"6":{"start":{"line":27,"column":4},"end":{"line":27,"column":44}},"7":{"start":{"line":28,"column":4},"end":{"line":28,"column":51}},"8":{"start":{"line":29,"column":4},"end":{"line":29,"column":null}},"9":{"start":{"line":6,"column":0},"end":{"line":6,"column":21}}},"fnMap":{"0":{"name":"(anonymous_0)","decl":{"start":{"line":7,"column":2},"end":{"line":7,"column":7}},"loc":{"start":{"line":7,"column":57},"end":{"line":30,"column":4}}}},"branchMap":{"0":{"loc":{"start":{"line":11,"column":27},"end":{"line":20,"column":31}},"type":"cond-expr","locations":[{"start":{"line":12,"column":6},"end":{"line":16,"column":14}},{"start":{"line":17,"column":6},"end":{"line":20,"column":31}}]},"1":{"loc":{"start":{"line":11,"column":27},"end":{"line":11,"column":66}},"type":"cond-expr","locations":[{"start":{"line":11,"column":58},"end":{"line":11,"column":60}},{"start":{"line":11,"column":58},"end":{"line":11,"column":66}}]},"2":{"loc":{"start":{"line":11,"column":27},"end":{"line":11,"column":60}},"type":"binary-expr","locations":[{"start":{"line":11,"column":27},"end":{"line":11,"column":60}},{"start":{"line":11,"column":58},"end":{"line":11,"column":60}}]},"3":{"loc":{"start":{"line":11,"column":27},"end":{"line":11,"column":58}},"type":"cond-expr","locations":[{"start":{"line":11,"column":50},"end":{"line":11,"column":52}},{"start":{"line":11,"column":50},"end":{"line":11,"column":58}}]},"4":{"loc":{"start":{"line":11,"column":27},"end":{"line":11,"column":52}},"type":"binary-expr","locations":[{"start":{"line":11,"column":27},"end":{"line":11,"column":52}},{"start":{"line":11,"column":50},"end":{"line":11,"column":52}}]},"5":{"loc":{"start":{"line":21,"column":26},"end":{"line":26,"column":19}},"type":"cond-expr","locations":[{"start":{"line":22,"column":6},"end":{"line":26,"column":14}},{"start":{"line":26,"column":17},"end":{"line":26,"column":19}}]},"6":{"loc":{"start":{"line":21,"column":26},"end":{"line":21,"column":64}},"type":"cond-expr","locations":[{"start":{"line":21,"column":49},"end":{"line":21,"column":51}},{"start":{"line":21,"column":49},"end":{"line":21,"column":64}}]},"7":{"loc":{"start":{"line":21,"column":26},"end":{"line":21,"column":51}},"type":"binary-expr","locations":[{"start":{"line":21,"column":26},"end":{"line":21,"column":51}},{"start":{"line":21,"column":49},"end":{"line":21,"column":51}}]}},"s":{"0":1,"1":1,"2":1,"3":1,"4":1,"5":0,"6":0,"7":0,"8":0,"9":1},"f":{"0":1},"b":{"0":[0,1],"1":[1,0],"2":[1,1],"3":[1,0],"4":[1,1],"5":[0,0],"6":[0,0],"7":[0,0]}}
,"C:\\Users\\DELL\\Desktop\\All\\colud_file_uploader\\src\\services\\azureFile.service.ts": {"path":"C:\\Users\\DELL\\Desktop\\All\\colud_file_uploader\\src\\services\\azureFile.service.ts","statementMap":{"0":{"start":{"line":3,"column":0},"end":{"line":3,"column":51}},"1":{"start":{"line":4,"column":0},"end":{"line":4,"column":62}},"2":{"start":{"line":9,"column":21},"end":{"line":9,"column":73}},"3":{"start":{"line":10,"column":38},"end":{"line":10,"column":40}},"4":{"start":{"line":11,"column":27},"end":{"line":19,"column":31}},"5":{"start":{"line":21,"column":30},"end":{"line":25,"column":19}},"6":{"start":{"line":26,"column":4},"end":{"line":26,"column":42}},"7":{"start":{"line":27,"column":4},"end":{"line":27,"column":55}},"8":{"start":{"line":28,"column":4},"end":{"line":28,"column":null}},"9":{"start":{"line":6,"column":0},"end":{"line":6,"column":21}}},"fnMap":{"0":{"name":"(anonymous_0)","decl":{"start":{"line":7,"column":2},"end":{"line":7,"column":7}},"loc":{"start":{"line":7,"column":60},"end":{"line":29,"column":3}}}},"branchMap":{"0":{"loc":{"start":{"line":11,"column":27},"end":{"line":19,"column":31}},"type":"cond-expr","locations":[{"start":{"line":11,"column":69},"end":{"line":15,"column":14}},{"start":{"line":16,"column":6},"end":{"line":19,"column":31}}]},"1":{"loc":{"start":{"line":11,"column":27},"end":{"line":11,"column":66}},"type":"cond-expr","locations":[{"start":{"line":11,"column":58},"end":{"line":11,"column":60}},{"start":{"line":11,"column":58},"end":{"line":11,"column":66}}]},"2":{"loc":{"start":{"line":11,"column":27},"end":{"line":11,"column":60}},"type":"binary-expr","locations":[{"start":{"line":11,"column":27},"end":{"line":11,"column":60}},{"start":{"line":11,"column":58},"end":{"line":11,"column":60}}]},"3":{"loc":{"start":{"line":11,"column":27},"end":{"line":11,"column":58}},"type":"cond-expr","locations":[{"start":{"line":11,"column":50},"end":{"line":11,"column":52}},{"start":{"line":11,"column":50},"end":{"line":11,"column":58}}]},"4":{"loc":{"start":{"line":11,"column":27},"end":{"line":11,"column":52}},"type":"binary-expr","locations":[{"start":{"line":11,"column":27},"end":{"line":11,"column":52}},{"start":{"line":11,"column":50},"end":{"line":11,"column":52}}]},"5":{"loc":{"start":{"line":21,"column":30},"end":{"line":25,"column":19}},"type":"cond-expr","locations":[{"start":{"line":21,"column":71},"end":{"line":25,"column":14}},{"start":{"line":25,"column":17},"end":{"line":25,"column":19}}]},"6":{"loc":{"start":{"line":21,"column":30},"end":{"line":21,"column":68}},"type":"cond-expr","locations":[{"start":{"line":21,"column":53},"end":{"line":21,"column":55}},{"start":{"line":21,"column":53},"end":{"line":21,"column":68}}]},"7":{"loc":{"start":{"line":21,"column":30},"end":{"line":21,"column":55}},"type":"binary-expr","locations":[{"start":{"line":21,"column":30},"end":{"line":21,"column":55}},{"start":{"line":21,"column":53},"end":{"line":21,"column":55}}]}},"s":{"0":1,"1":1,"2":0,"3":0,"4":0,"5":0,"6":0,"7":0,"8":0,"9":1},"f":{"0":0},"b":{"0":[0,0],"1":[0,0],"2":[0,0],"3":[0,0],"4":[0,0],"5":[0,0],"6":[0,0],"7":[0,0]}}
,"C:\\Users\\DELL\\Desktop\\All\\colud_file_uploader\\src\\services\\index.ts": {"path":"C:\\Users\\DELL\\Desktop\\All\\colud_file_uploader\\src\\services\\index.ts","statementMap":{"0":{"start":{"line":1,"column":0},"end":{"line":1,"column":9}},"1":{"start":{"line":1,"column":9},"end":{"line":1,"column":30}},"2":{"start":{"line":2,"column":0},"end":{"line":2,"column":9}},"3":{"start":{"line":2,"column":9},"end":{"line":2,"column":32}}},"fnMap":{"0":{"name":"(anonymous_0)","decl":{"start":{"line":1,"column":9},"end":{"line":1,"column":16}},"loc":{"start":{"line":1,"column":9},"end":{"line":1,"column":30}}},"1":{"name":"(anonymous_1)","decl":{"start":{"line":2,"column":9},"end":{"line":2,"column":16}},"loc":{"start":{"line":2,"column":9},"end":{"line":2,"column":32}}}},"branchMap":{},"s":{"0":1,"1":2,"2":1,"3":1},"f":{"0":1,"1":0},"b":{}}
,"C:\\Users\\DELL\\Desktop\\All\\colud_file_uploader\\src\\utils\\aws.utils.ts": {"path":"C:\\Users\\DELL\\Desktop\\All\\colud_file_uploader\\src\\utils\\aws.utils.ts","statementMap":{"0":{"start":{"line":1,"column":0},"end":{"line":1,"column":29}},"1":{"start":{"line":3,"column":26},"end":{"line":30,"column":1}},"2":{"start":{"line":9,"column":2},"end":{"line":29,"column":null}},"3":{"start":{"line":11,"column":15},"end":{"line":14,"column":6}},"4":{"start":{"line":16,"column":19},"end":{"line":24,"column":16}},"5":{"start":{"line":25,"column":4},"end":{"line":25,"column":27}},"6":{"start":{"line":28,"column":4},"end":{"line":28,"column":null}},"7":{"start":{"line":3,"column":13},"end":{"line":3,"column":26}}},"fnMap":{"0":{"name":"(anonymous_0)","decl":{"start":{"line":3,"column":26},"end":{"line":3,"column":31}},"loc":{"start":{"line":8,"column":21},"end":{"line":30,"column":1}}}},"branchMap":{},"s":{"0":1,"1":1,"2":1,"3":1,"4":1,"5":0,"6":0,"7":1},"f":{"0":1},"b":{}}
,"C:\\Users\\DELL\\Desktop\\All\\colud_file_uploader\\src\\utils\\azure.utils.ts": {"path":"C:\\Users\\DELL\\Desktop\\All\\colud_file_uploader\\src\\utils\\azure.utils.ts","statementMap":{"0":{"start":{"line":1,"column":0},"end":{"line":1,"column":39}},"1":{"start":{"line":2,"column":21},"end":{"line":2,"column":38}},"2":{"start":{"line":5,"column":28},"end":{"line":40,"column":1}},"3":{"start":{"line":11,"column":2},"end":{"line":39,"column":null}},"4":{"start":{"line":13,"column":24},"end":{"line":15,"column":null}},"5":{"start":{"line":18,"column":19},"end":{"line":33,"column":6}},"6":{"start":{"line":19,"column":6},"end":{"line":32,"column":8}},"7":{"start":{"line":26,"column":10},"end":{"line":30,"column":null}},"8":{"start":{"line":27,"column":12},"end":{"line":27,"column":26}},"9":{"start":{"line":29,"column":12},"end":{"line":29,"column":22}},"10":{"start":{"line":34,"column":20},"end":{"line":34,"column":114}},"11":{"start":{"line":35,"column":4},"end":{"line":35,"column":19}},"12":{"start":{"line":38,"column":4},"end":{"line":38,"column":null}},"13":{"start":{"line":5,"column":13},"end":{"line":5,"column":28}}},"fnMap":{"0":{"name":"(anonymous_0)","decl":{"start":{"line":5,"column":28},"end":{"line":5,"column":33}},"loc":{"start":{"line":10,"column":21},"end":{"line":40,"column":1}}},"1":{"name":"(anonymous_1)","decl":{"start":{"line":18,"column":43},"end":{"line":18,"column":44}},"loc":{"start":{"line":18,"column":63},"end":{"line":33,"column":5}}},"2":{"name":"(anonymous_2)","decl":{"start":{"line":25,"column":8},"end":{"line":25,"column":9}},"loc":{"start":{"line":25,"column":18},"end":{"line":31,"column":9}}}},"branchMap":{"0":{"loc":{"start":{"line":26,"column":10},"end":{"line":30,"column":null}},"type":"if","locations":[{"start":{"line":26,"column":10},"end":{"line":30,"column":null}},{"start":{"line":28,"column":17},"end":{"line":30,"column":null}}]}},"s":{"0":1,"1":1,"2":1,"3":0,"4":0,"5":0,"6":0,"7":0,"8":0,"9":0,"10":0,"11":0,"12":0,"13":1},"f":{"0":0,"1":0,"2":0},"b":{"0":[0,0]}}
}
