TN:
SF:src\controllers\file.controller.ts
FN:42,(anonymous_0)
FN:10,(anonymous_1)
FN:13,(anonymous_2)
FN:21,(anonymous_3)
FN:24,(anonymous_4)
FN:33,(anonymous_5)
FN:36,(anonymous_6)
FNF:7
FNH:4
FNDA:0,(anonymous_0)
FNDA:1,(anonymous_1)
FNDA:1,(anonymous_2)
FNDA:1,(anonymous_3)
FNDA:1,(anonymous_4)
FNDA:0,(anonymous_5)
FNDA:0,(anonymous_6)
DA:2,1
DA:8,1
DA:11,1
DA:14,1
DA:18,1
DA:20,1
DA:22,1
DA:25,1
DA:26,0
DA:30,1
DA:32,0
DA:34,0
DA:37,0
DA:38,0
DA:42,1
LF:15
LH:10
BRF:0
BRH:0
end_of_record
TN:
SF:src\helper\helper.ts
FN:6,(anonymous_0)
FN:31,(anonymous_1)
FN:40,(anonymous_2)
FNF:3
FNH:0
FNDA:0,(anonymous_0)
FNDA:0,(anonymous_1)
FNDA:0,(anonymous_2)
DA:1,1
DA:3,1
DA:4,1
DA:6,1
DA:14,0
DA:17,0
DA:26,0
DA:31,1
DA:38,0
DA:39,0
DA:41,0
DA:42,0
DA:45,0
DA:54,0
DA:57,0
LF:15
LH:5
BRDA:15,0,0,0
BRDA:15,0,1,0
BRDA:15,1,0,0
BRDA:15,1,1,0
BRDA:15,2,0,0
BRDA:15,2,1,0
BRDA:15,3,0,0
BRDA:15,3,1,0
BRDA:15,4,0,0
BRDA:15,4,1,0
BRDA:15,5,0,0
BRDA:15,5,1,0
BRDA:15,6,0,0
BRDA:15,6,1,0
BRDA:15,7,0,0
BRDA:15,7,1,0
BRDA:17,8,0,0
BRDA:17,8,1,0
BRDA:38,9,0,0
BRDA:38,9,1,0
BRDA:38,10,0,0
BRDA:38,10,1,0
BRDA:38,11,0,0
BRDA:38,11,1,0
BRDA:38,12,0,0
BRDA:38,12,1,0
BRDA:38,13,0,0
BRDA:38,13,1,0
BRDA:42,14,0,0
BRDA:42,14,1,0
BRDA:45,15,0,0
BRDA:45,15,1,0
BRF:32
BRH:0
end_of_record
TN:
SF:src\services\awsFile.service.ts
FN:7,(anonymous_0)
FNF:1
FNH:1
FNDA:1,(anonymous_0)
DA:1,1
DA:3,1
DA:6,1
DA:9,1
DA:10,1
DA:11,1
DA:21,0
DA:27,0
DA:28,0
DA:29,0
LF:10
LH:6
BRDA:11,0,0,0
BRDA:11,0,1,1
BRDA:11,1,0,1
BRDA:11,1,1,0
BRDA:11,2,0,1
BRDA:11,2,1,1
BRDA:11,3,0,1
BRDA:11,3,1,0
BRDA:11,4,0,1
BRDA:11,4,1,1
BRDA:21,5,0,0
BRDA:21,5,1,0
BRDA:21,6,0,0
BRDA:21,6,1,0
BRDA:21,7,0,0
BRDA:21,7,1,0
BRF:16
BRH:7
end_of_record
TN:
SF:src\services\azureFile.service.ts
FN:7,(anonymous_0)
FNF:1
FNH:0
FNDA:0,(anonymous_0)
DA:3,1
DA:4,1
DA:6,1
DA:9,0
DA:10,0
DA:11,0
DA:21,0
DA:26,0
DA:27,0
DA:28,0
LF:10
LH:3
BRDA:11,0,0,0
BRDA:11,0,1,0
BRDA:11,1,0,0
BRDA:11,1,1,0
BRDA:11,2,0,0
BRDA:11,2,1,0
BRDA:11,3,0,0
BRDA:11,3,1,0
BRDA:11,4,0,0
BRDA:11,4,1,0
BRDA:21,5,0,0
BRDA:21,5,1,0
BRDA:21,6,0,0
BRDA:21,6,1,0
BRDA:21,7,0,0
BRDA:21,7,1,0
BRF:16
BRH:0
end_of_record
TN:
SF:src\services\index.ts
FN:1,(anonymous_0)
FN:2,(anonymous_1)
FNF:2
FNH:1
FNDA:1,(anonymous_0)
FNDA:0,(anonymous_1)
DA:1,2
DA:2,1
LF:2
LH:2
BRF:0
BRH:0
end_of_record
TN:
SF:src\utils\aws.utils.ts
FN:3,(anonymous_0)
FNF:1
FNH:1
FNDA:1,(anonymous_0)
DA:1,1
DA:3,1
DA:9,1
DA:11,1
DA:16,1
DA:25,0
DA:28,0
LF:7
LH:5
BRF:0
BRH:0
end_of_record
TN:
SF:src\utils\azure.utils.ts
FN:5,(anonymous_0)
FN:18,(anonymous_1)
FN:25,(anonymous_2)
FNF:3
FNH:0
FNDA:0,(anonymous_0)
FNDA:0,(anonymous_1)
FNDA:0,(anonymous_2)
DA:1,1
DA:2,1
DA:5,1
DA:11,0
DA:13,0
DA:18,0
DA:19,0
DA:26,0
DA:27,0
DA:29,0
DA:34,0
DA:35,0
DA:38,0
LF:13
LH:3
BRDA:26,0,0,0
BRDA:26,0,1,0
BRF:2
BRH:0
end_of_record
