TN:
SF:src\controllers\file.controller.js
FN:2,(anonymous_0)
FN:3,adopt
FN:3,(anonymous_2)
FN:4,(anonymous_3)
FN:5,fulfilled
FN:6,rejected
FN:7,step
FN:11,(anonymous_7)
FN:12,(anonymous_8)
FN:13,(anonymous_9)
FN:14,verb
FN:14,(anonymous_11)
FN:15,step
FN:41,(anonymous_13)
FN:42,FileUploader
FN:44,(anonymous_15)
FN:45,(anonymous_16)
FN:47,(anonymous_17)
FNF:18
FNH:16
FNDA:6,(anonymous_0)
FNDA:6,adopt
FNDA:0,(anonymous_2)
FNDA:6,(anonymous_3)
FNDA:4,fulfilled
FNDA:2,rejected
FNDA:10,step
FNDA:6,(anonymous_7)
FNDA:8,(anonymous_8)
FNDA:0,(anonymous_9)
FNDA:18,verb
FNDA:12,(anonymous_11)
FNDA:12,step
FNDA:1,(anonymous_13)
FNDA:1,FileUploader
FNDA:6,(anonymous_15)
FNDA:6,(anonymous_16)
FNDA:14,(anonymous_17)
DA:2,1
DA:3,6
DA:4,6
DA:5,4
DA:6,2
DA:7,10
DA:8,6
DA:11,1
DA:12,8
DA:13,6
DA:14,18
DA:16,12
DA:17,32
DA:18,32
DA:19,32
DA:20,32
DA:21,12
DA:22,6
DA:23,0
DA:24,0
DA:26,14
DA:27,8
DA:28,8
DA:29,6
DA:30,6
DA:31,6
DA:33,14
DA:34,32
DA:35,6
DA:38,1
DA:39,1
DA:40,1
DA:41,1
DA:44,1
DA:45,6
DA:47,6
DA:48,14
DA:50,6
DA:51,6
DA:52,6
DA:57,6
DA:58,6
DA:60,2
DA:61,2
DA:62,0
DA:67,1
DA:69,1
LF:47
LH:44
BRDA:2,0,0,1
BRDA:2,0,1,1
BRDA:2,0,2,1
BRDA:3,1,0,6
BRDA:3,1,1,0
BRDA:4,2,0,6
BRDA:4,2,1,6
BRDA:7,3,0,4
BRDA:7,3,1,6
BRDA:8,4,0,6
BRDA:8,4,1,6
BRDA:11,5,0,1
BRDA:11,5,1,1
BRDA:11,5,2,1
BRDA:12,6,0,2
BRDA:12,6,1,6
BRDA:13,7,0,6
BRDA:13,7,1,6
BRDA:16,8,0,0
BRDA:16,8,1,12
BRDA:17,9,0,38
BRDA:17,9,1,6
BRDA:17,10,0,6
BRDA:17,10,1,0
BRDA:18,11,0,0
BRDA:18,11,1,32
BRDA:18,12,0,32
BRDA:18,12,1,0
BRDA:18,12,2,0
BRDA:18,13,0,0
BRDA:18,13,1,0
BRDA:18,14,0,0
BRDA:18,14,1,0
BRDA:18,15,0,0
BRDA:18,15,1,0
BRDA:18,16,0,0
BRDA:18,16,1,0
BRDA:19,17,0,0
BRDA:19,17,1,32
BRDA:20,18,0,10
BRDA:20,18,1,12
BRDA:20,18,2,6
BRDA:20,18,3,0
BRDA:20,18,4,0
BRDA:20,18,5,14
BRDA:26,19,0,6
BRDA:26,19,1,8
BRDA:26,20,0,14
BRDA:26,20,1,6
BRDA:26,20,2,4
BRDA:26,21,0,14
BRDA:26,21,1,8
BRDA:27,22,0,0
BRDA:27,22,1,8
BRDA:27,23,0,8
BRDA:27,23,1,0
BRDA:27,23,2,0
BRDA:27,23,3,0
BRDA:28,24,0,2
BRDA:28,24,1,6
BRDA:28,25,0,8
BRDA:28,25,1,4
BRDA:29,26,0,0
BRDA:29,26,1,6
BRDA:29,27,0,6
BRDA:29,27,1,6
BRDA:30,28,0,0
BRDA:30,28,1,6
BRDA:35,29,0,2
BRDA:35,29,1,4
BRDA:35,30,0,4
BRDA:35,30,1,0
BRDA:48,31,0,6
BRDA:48,31,1,6
BRDA:48,31,2,2
BRDA:48,31,3,0
BRDA:51,32,0,3
BRDA:51,32,1,3
BRF:78
BRH:53
end_of_record
TN:
SF:src\services\file.service.js
FN:2,(anonymous_0)
FN:3,adopt
FN:3,(anonymous_2)
FN:4,(anonymous_3)
FN:5,fulfilled
FN:6,rejected
FN:7,step
FN:11,(anonymous_7)
FN:12,(anonymous_8)
FN:13,(anonymous_9)
FN:14,verb
FN:14,(anonymous_11)
FN:15,step
FN:41,(anonymous_13)
FN:42,FileService
FN:44,(anonymous_15)
FN:46,(anonymous_16)
FN:48,(anonymous_17)
FNF:18
FNH:14
FNDA:6,(anonymous_0)
FNDA:2,adopt
FNDA:0,(anonymous_2)
FNDA:6,(anonymous_3)
FNDA:0,fulfilled
FNDA:2,rejected
FNDA:6,step
FNDA:6,(anonymous_7)
FNDA:4,(anonymous_8)
FNDA:0,(anonymous_9)
FNDA:18,verb
FNDA:8,(anonymous_11)
FNDA:8,step
FNDA:1,(anonymous_13)
FNDA:0,FileService
FNDA:6,(anonymous_15)
FNDA:6,(anonymous_16)
FNDA:14,(anonymous_17)
DA:2,1
DA:3,2
DA:4,6
DA:5,0
DA:6,2
DA:7,6
DA:8,6
DA:11,1
DA:12,6
DA:13,6
DA:14,18
DA:16,8
DA:17,28
DA:18,28
DA:19,28
DA:20,28
DA:21,8
DA:22,2
DA:23,0
DA:24,0
DA:26,18
DA:27,12
DA:28,8
DA:29,6
DA:30,6
DA:31,6
DA:33,14
DA:34,28
DA:35,6
DA:38,1
DA:39,1
DA:40,1
DA:41,1
DA:44,1
DA:46,6
DA:48,6
DA:49,14
DA:51,6
DA:52,6
DA:53,6
DA:54,6
DA:55,6
DA:56,6
DA:57,6
DA:58,2
DA:62,2
DA:63,0
DA:65,0
DA:67,0
DA:69,0
DA:71,0
DA:73,4
DA:75,2
DA:77,2
DA:79,2
DA:81,4
DA:83,4
DA:98,2
DA:100,4
DA:102,2
DA:103,2
DA:104,0
DA:109,1
DA:111,1
LF:64
LH:55
BRDA:2,0,0,1
BRDA:2,0,1,1
BRDA:2,0,2,1
BRDA:3,1,0,2
BRDA:3,1,1,0
BRDA:4,2,0,6
BRDA:4,2,1,6
BRDA:7,3,0,4
BRDA:7,3,1,2
BRDA:8,4,0,6
BRDA:8,4,1,6
BRDA:11,5,0,1
BRDA:11,5,1,1
BRDA:11,5,2,1
BRDA:12,6,0,2
BRDA:12,6,1,2
BRDA:13,7,0,6
BRDA:13,7,1,6
BRDA:16,8,0,0
BRDA:16,8,1,8
BRDA:17,9,0,34
BRDA:17,9,1,6
BRDA:17,10,0,6
BRDA:17,10,1,0
BRDA:18,11,0,0
BRDA:18,11,1,28
BRDA:18,12,0,28
BRDA:18,12,1,0
BRDA:18,12,2,0
BRDA:18,13,0,0
BRDA:18,13,1,0
BRDA:18,14,0,0
BRDA:18,14,1,0
BRDA:18,15,0,0
BRDA:18,15,1,0
BRDA:18,16,0,0
BRDA:18,16,1,0
BRDA:19,17,0,0
BRDA:19,17,1,28
BRDA:20,18,0,6
BRDA:20,18,1,8
BRDA:20,18,2,2
BRDA:20,18,3,0
BRDA:20,18,4,0
BRDA:20,18,5,18
BRDA:26,19,0,6
BRDA:26,19,1,12
BRDA:26,20,0,18
BRDA:26,20,1,6
BRDA:26,20,2,4
BRDA:26,21,0,18
BRDA:26,21,1,12
BRDA:27,22,0,4
BRDA:27,22,1,8
BRDA:27,23,0,12
BRDA:27,23,1,4
BRDA:27,23,2,4
BRDA:27,23,3,4
BRDA:28,24,0,2
BRDA:28,24,1,6
BRDA:28,25,0,8
BRDA:28,25,1,4
BRDA:29,26,0,0
BRDA:29,26,1,6
BRDA:29,27,0,6
BRDA:29,27,1,6
BRDA:30,28,0,0
BRDA:30,28,1,6
BRDA:35,29,0,2
BRDA:35,29,1,4
BRDA:35,30,0,4
BRDA:35,30,1,0
BRDA:49,31,0,6
BRDA:49,31,1,2
BRDA:49,31,2,4
BRDA:49,31,3,4
BRDA:49,31,4,2
BRDA:49,31,5,0
BRDA:57,32,0,4
BRDA:57,32,1,2
BRDA:57,33,0,6
BRDA:57,33,1,2
BRDA:57,34,0,0
BRDA:57,34,1,6
BRDA:57,35,0,6
BRDA:57,35,1,6
BRDA:57,36,0,0
BRDA:57,36,1,6
BRDA:57,37,0,6
BRDA:57,37,1,6
BRDA:57,38,0,0
BRDA:57,38,1,2
BRDA:57,39,0,2
BRDA:57,39,1,2
BRDA:57,40,0,0
BRDA:57,40,1,2
BRDA:57,41,0,2
BRDA:57,41,1,2
BRDA:63,42,0,0
BRDA:63,42,1,0
BRDA:67,43,0,0
BRDA:67,43,1,0
BRDA:73,44,0,2
BRDA:73,44,1,2
BRDA:77,45,0,2
BRDA:77,45,1,0
BRDA:83,46,0,2
BRDA:83,46,1,2
BRDA:83,47,0,0
BRDA:83,47,1,4
BRDA:83,48,0,4
BRDA:83,48,1,4
BRF:112
BRH:81
end_of_record
